Base path: C:/Program Files/Unity/Editor/Data
Pipe name: \\.\pipe\UnityShaderCompiler-64bit-1-2904
Cmd: getPlatforms
Cmd: compileSnippet
  api=4 type=0 insize=13030 outsize=11024 kw=UNITY_COLORSPACE_GAMMA _SUNDISK_SIMPLE pd= ok=1
Cmd: compileSnippet
  api=4 type=1 insize=13030 outsize=1899 kw=UNITY_COLORSPACE_GAMMA _SUNDISK_SIMPLE pd= ok=1
Cmd: compileSnippet
  api=4 type=0 insize=751 outsize=3533 kw=SHADOWS_DEPTH pd= ok=1
Cmd: compileSnippet
  api=4 type=1 insize=751 outsize=380 kw=SHADOWS_DEPTH pd= ok=1
Cmd: compileSnippet
  api=4 type=0 insize=982 outsize=4337 kw=DIRECTIONAL SHADOWS_SCREEN LIGHTMAP_OFF DIRLIGHTMAP_OFF DYNAMICLIGHTMAP_OFF pd= ok=1
Cmd: compileSnippet
  api=4 type=1 insize=982 outsize=10926 kw=DIRECTIONAL SHADOWS_SCREEN LIGHTMAP_OFF DIRLIGHTMAP_OFF DYNAMICLIGHTMAP_OFF pd= ok=1
Cmd: compileSnippet
  api=4 type=0 insize=982 outsize=3979 kw=DIRECTIONAL SHADOWS_OFF LIGHTMAP_OFF DIRLIGHTMAP_OFF DYNAMICLIGHTMAP_OFF pd= ok=1
Cmd: compileSnippet
  api=4 type=1 insize=982 outsize=10618 kw=DIRECTIONAL SHADOWS_OFF LIGHTMAP_OFF DIRLIGHTMAP_OFF DYNAMICLIGHTMAP_OFF pd= ok=1
Cmd: compileSnippet
  api=4 type=0 insize=938 outsize=4101 kw=DIRECTIONAL SHADOWS_OFF pd= ok=1
Cmd: compileSnippet
  api=4 type=1 insize=938 outsize=5515 kw=DIRECTIONAL SHADOWS_OFF pd= ok=1
Cmd: preprocess
  insize=988 outsize=1270 ok=1
Cmd: compileSnippet
  api=4 type=0 insize=7541 outsize=3508 kw=DIRECTIONAL SHADOWS_OFF LIGHTMAP_OFF DIRLIGHTMAP_OFF DYNAMICLIGHTMAP_OFF pd= ok=1
Cmd: compileSnippet
  api=4 type=1 insize=7541 outsize=10154 kw=DIRECTIONAL SHADOWS_OFF LIGHTMAP_OFF DIRLIGHTMAP_OFF DYNAMICLIGHTMAP_OFF pd= ok=1
Cmd: compileSnippet
  api=4 type=0 insize=4284 outsize=2753 kw=POINT SHADOWS_OFF pd= ok=1
Cmd: compileSnippet
  api=4 type=1 insize=4284 outsize=6149 kw=POINT SHADOWS_OFF pd= ok=1
Cmd: compileSnippet
  api=4 type=0 insize=6643 outsize=3508 kw=LIGHTMAP_OFF DIRLIGHTMAP_OFF DYNAMICLIGHTMAP_OFF HDR_LIGHT_PREPASS_OFF pd= ok=1
Cmd: compileSnippet
  api=4 type=1 insize=6643 outsize=2346 kw=LIGHTMAP_OFF DIRLIGHTMAP_OFF DYNAMICLIGHTMAP_OFF HDR_LIGHT_PREPASS_OFF pd= ok=1
Cmd: compileSnippet
  api=4 type=0 insize=3586 outsize=2484 kw= pd= ok=1
Cmd: compileSnippet
  api=4 type=1 insize=3586 outsize=1314 kw= pd= ok=1
Cmd: preprocess
  insize=71 outsize=68 ok=1
Cmd: compileSnippet
  api=4 type=0 insize=1145 outsize=916 kw= pd= ok=1
Cmd: compileSnippet
  api=4 type=1 insize=1145 outsize=518 kw= pd= ok=1
Cmd: preprocess
  insize=199 outsize=196 ok=1
Cmd: preprocess
  insize=214 outsize=211 ok=1
Cmd: compileSnippet
  api=4 type=0 insize=3675 outsize=2184 kw= pd= ok=1
Cmd: compileSnippet
  api=4 type=1 insize=3675 outsize=518 kw= pd= ok=1
Cmd: preprocess
  insize=214 outsize=211 ok=1
Cmd: compileSnippet
  api=4 type=0 insize=3675 outsize=1030 kw= pd= ok=1
Cmd: compileSnippet
  api=4 type=1 insize=3675 outsize=518 kw= pd= ok=1
Cmd: preprocess
  insize=286 outsize=283 ok=1
Cmd: preprocess
  insize=287 outsize=284 ok=1
Cmd: preprocess
  insize=286 outsize=283 ok=1
Cmd: compileSnippet
  api=4 type=0 insize=3665 outsize=2322 kw= pd= ok=1
Cmd: compileSnippet
  api=4 type=1 insize=3665 outsize=518 kw= pd= ok=1
Cmd: preprocess
  insize=320 outsize=317 ok=1
